<?xml version="1.0" encoding="UTF-8"?>
<!-- Generated by org.testng.reporters.JUnitXMLReporter -->
<testsuite hostname="DESKTOP-HEG1EMQ" name="Retrymulitpletestcases" tests="5" failures="1" timestamp="12 Jul 2018 15:24:02 GMT" time="0.145" errors="0">
  <testcase name="test" time="0.028" classname="Reruntestcases.Runtest">
    <skipped/>
  </testcase> <!-- test -->
  <testcase name="test" time="0.006" classname="Reruntestcases.Runtest">
    <skipped/>
  </testcase> <!-- test -->
  <testcase name="test" time="0.006" classname="Reruntestcases.Runtest">
    <skipped/>
  </testcase> <!-- test -->
  <testcase name="test" time="0.009" classname="Reruntestcases.Runtest">
    <failure type="java.lang.AssertionError" message="expected [true] but found [false]">
      <![CDATA[java.lang.AssertionError: expected [true] but found [false]
	at Reruntestcases.Runtest.test(Runtest.java:10)
... Removed 28 stack frames]]>
    </failure>
  </testcase> <!-- test -->
  <testcase name="test2" time="0.005" classname="Reruntestcases.Runtest"/>
</testsuite> <!-- Retrymulitpletestcases -->
